  doan_ktlt.cpp
C:\Users\Admin\OneDrive - Ho Chi Minh city University of Industry and Trade\Desktop\DoAn_KTLT\DoAn_KTLT\doan_ktlt.cpp(47,27): error C2065: 'Coffedshop': undeclared identifier
C:\Users\Admin\OneDrive - Ho Chi Minh city University of Industry and Trade\Desktop\DoAn_KTLT\DoAn_KTLT\doan_ktlt.cpp(47,9): error C3861: 'printAllProducts': identifier not found
C:\Users\Admin\OneDrive - Ho Chi Minh city University of Industry and Trade\Desktop\DoAn_KTLT\DoAn_KTLT\doan_ktlt.cpp(42,5): error C4996: 'scanf': This function or variable may be unsafe. Consider using scanf_s instead. To disable deprecation, use _CRT_SECURE_NO_WARNINGS. See online help for details.
C:\Users\Admin\OneDrive - Ho Chi Minh city University of Industry and Trade\Desktop\DoAn_KTLT\DoAn_KTLT\doan_ktlt.cpp(101,12): error C4996: 'fopen': This function or variable may be unsafe. Consider using fopen_s instead. To disable deprecation, use _CRT_SECURE_NO_WARNINGS. See online help for details.
C:\Users\Admin\OneDrive - Ho Chi Minh city University of Industry and Trade\Desktop\DoAn_KTLT\DoAn_KTLT\doan_ktlt.cpp(140,9): error C2062: type 'char' unexpected
C:\Users\Admin\OneDrive - Ho Chi Minh city University of Industry and Trade\Desktop\DoAn_KTLT\DoAn_KTLT\doan_ktlt.cpp(140,23): error C2143: syntax error: missing ')' before ';'
C:\Users\Admin\OneDrive - Ho Chi Minh city University of Industry and Trade\Desktop\DoAn_KTLT\DoAn_KTLT\doan_ktlt.cpp(124,18): error C4996: 'fopen': This function or variable may be unsafe. Consider using fopen_s instead. To disable deprecation, use _CRT_SECURE_NO_WARNINGS. See online help for details.
C:\Users\Admin\OneDrive - Ho Chi Minh city University of Industry and Trade\Desktop\DoAn_KTLT\DoAn_KTLT\doan_ktlt.cpp(144,20): warning C4091: '': ignored on left of 'CoffeeProduct' when no variable is declared
C:\Users\Admin\OneDrive - Ho Chi Minh city University of Industry and Trade\Desktop\DoAn_KTLT\DoAn_KTLT\doan_ktlt.cpp(151,7): error C2371: 'CoffeeShop': redefinition; different basic types
  C:\Users\Admin\OneDrive - Ho Chi Minh city University of Industry and Trade\Desktop\DoAn_KTLT\DoAn_KTLT\doan_ktlt.cpp(19,3):
  see declaration of 'CoffeeShop'
  
C:\Users\Admin\OneDrive - Ho Chi Minh city University of Industry and Trade\Desktop\DoAn_KTLT\DoAn_KTLT\doan_ktlt.cpp(153,10): error C2084: function 'void printMenu(void)' already has a body
  C:\Users\Admin\OneDrive - Ho Chi Minh city University of Industry and Trade\Desktop\DoAn_KTLT\DoAn_KTLT\doan_ktlt.cpp(21,6):
  see previous definition of 'printMenu'
  
C:\Users\Admin\OneDrive - Ho Chi Minh city University of Industry and Trade\Desktop\DoAn_KTLT\DoAn_KTLT\doan_ktlt.cpp(173,9): error C4996: 'scanf': This function or variable may be unsafe. Consider using scanf_s instead. To disable deprecation, use _CRT_SECURE_NO_WARNINGS. See online help for details.
C:\Users\Admin\OneDrive - Ho Chi Minh city University of Industry and Trade\Desktop\DoAn_KTLT\DoAn_KTLT\doan_ktlt.cpp(231,10): error C2084: function 'void printAllProducts(const CoffeeShop *)' already has a body
  C:\Users\Admin\OneDrive - Ho Chi Minh city University of Industry and Trade\Desktop\DoAn_KTLT\DoAn_KTLT\doan_ktlt.cpp(114,6):
  see previous definition of 'printAllProducts'
  
C:\Users\Admin\OneDrive - Ho Chi Minh city University of Industry and Trade\Desktop\DoAn_KTLT\DoAn_KTLT\doan_ktlt.cpp(240,10): error C2084: function 'void readCoffeeShopDataFromFile(const char *,CoffeeShop *)' already has a body
  C:\Users\Admin\OneDrive - Ho Chi Minh city University of Industry and Trade\Desktop\DoAn_KTLT\DoAn_KTLT\doan_ktlt.cpp(123,6):
  see previous definition of 'readCoffeeShopDataFromFile'
  
C:\Users\Admin\OneDrive - Ho Chi Minh city University of Industry and Trade\Desktop\DoAn_KTLT\DoAn_KTLT\doan_ktlt.cpp(253,36): error C2001: newline in constant
C:\Users\Admin\OneDrive - Ho Chi Minh city University of Industry and Trade\Desktop\DoAn_KTLT\DoAn_KTLT\doan_ktlt.cpp(253,29): error C1075: '{': no matching token found
  doan_ktlt_main.cpp
C:\Users\Admin\OneDrive - Ho Chi Minh city University of Industry and Trade\Desktop\DoAn_KTLT\DoAn_KTLT\doan_ktlt_main.cpp(15,31): error C2065: 'shop': undeclared identifier
  Generating Code...
